-1
-1
-1
-1
-1
-1
-1
-1
-1
-1
-1
-1
-1
-1
-1
-1
-1
-1
-1
-1
-1
-1
-1
-1
-1
-1
-1
-1
-1
-1
1977
1971
-1
-1
1979
-1
-1
-1
-1
-1
-1
-1
-1
-1
-1
-1
-1
-1
-1
-1
-1
-1
-1
-1
-1
1983
-1
-1
-1
1975
-1
1983
2016
1976
-1
-1
-1
-1
-1
-1
-1
-1
-1
-1
-1
-1
2205
2205
1966
-1
-1
1983
-1
-1
-1
2016
-1
-1
-1
-1
-1
-1
-1
-1
-1
-1
-1
-1
-1
-1
-1
-1
-1
-1
-1
-1
-1
-1
-1
1983
-1
1967
-1
-1
-1
-1
-1
-1
2016
-1
1972
2016
-1
-1
-1
-1
-1
1970
1976
-1
-1
1983
-1
-1
-1
1967
2207
2016
-1
1972
-1
-1
-1
-1
-1
2206
-1
1964
1968
-1
-1
-1
-1
2205
-1
-1
-1
-1
-1
1964
-1
-1
1976
1979
1967
-1
1963
-1
-1
-1
2205
1972
-1
-1
-1
-1
-1
-1
-1
-1
-1
-1
-1
-1
-1
-1
-1
1968
2205
1973
-1
-1
-1
-1
-1
-1
-1
-1
-1
-1
-1
-1
-1
-1
-1
-1
-1
-1
-1
-1
-1
-1
-1
-1
-1
-1
2205
-1
-1
-1
-1
1977
-1
-1
1969
-1
1969
1968
1533
1975
1966
2205
2016
1965
2016
-1
-1
-1
1979
1963
1983
-1
-1
-1
1983
-1
-1
-1
-1
-1
1962
-1
1964
2204
-1
2204
-1
1976
-1
-1
1967
-1
1997
-1
1962
-1
-1
1977
2206
1983
-1
1976
-1
1983
-1
-1
-1
1979
1976
1997
1980
-1
1980
1971
-1
2204
1967
-1
-1
1981
1981
1967
-1
-1
-1
-1
-1
-1
-1
-1
1966
-1
-1
-1
1980
2204
1979
1988
1998
-1
-1
-1
-1
-1
1966
1997
1989
2204
1978
-1
1974
-1
-1
-1
1980
-1
-1
-1
-1
-1
-1
-1
1989
-1
-1
-1
2204
-1
-1
-1
1533
-1
-1
-1
2204
-1
-1
-1
1989
-1
-1
-1
1962
-1
-1
-1
1966
-1
-1
-1
1989
-1
-1
-1
1967
-1
-1
-1
2205
-1
-1
-1
1990
-1
-1
-1
1978
-1
-1
-1
1997
-1
-1
-1
1989
-1
-1
-1
1990
-1
-1
-1
1971
-1
-1
-1
1991
-1
-1
-1
1991
-1
-1
-1
1978
-1
-1
-1
1990
-1
-1
-1
2205
-1
-1
-1
1975
-1
-1
-1
1983
-1
-1
-1
1990
-1
-1
-1
1992
-1
-1
-1
1972
-1
-1
-1
1991
-1
-1
-1
2205
-1
-1
-1
1990
-1
-1
-1
1991
-1
-1
-1
1989
-1
-1
-1
1991
-1
-1
-1
1993
-1
-1
-1
1993
-1
-1
-1
1993
-1
-1
-1
1963
-1
-1
-1
1993
-1
-1
-1
1993
-1
-1
-1
1973
-1
-1
-1
1969
-1
-1
-1
1990
-1
-1
-1
1971
-1
-1
-1
1992
-1
-1
-1
1992
-1
-1
-1
1979
-1
-1
-1
1994
-1
-1
-1
1991
-1
-1
-1
1962
-1
-1
-1
2205
-1
-1
-1
1995
-1
-1
-1
2204
-1
-1
-1
1993
-1
-1
-1
1992
-1
-1
-1
1995
-1
-1
-1
1995
-1
-1
-1
1994
-1
-1
-1
1998
-1
-1
-1
1990
-1
-1
-1
1996
-1
-1
-1
1996
-1
-1
-1
1997
-1
1995
1995
1991
1995
-1
-1
-1
-1
-1
-1
-1
-1
-1
1992
-1
-1
-1
1995
-1
-1
-1
1994
1992
-1
-1
-1
-1
-1
-1
1989
1997
1996
1989
-1
-1
1994
2203
1994
-1
-1
-1
-1
-1
-1
-1
-1
-1
-1
-1
-1
-1
-1
-1
-1
-1
1971
1975
-1
1992
-1
-1
-1
-1
-1
-1
-1
-1
-1
-1
-1
-1
-1
-1
-1
-1
-1
-1
1980
-1
1997
2203
-1
-1
-1
-1
-1
-1
-1
-1
1975
-1
-1
1979
-1
2204
-1
-1
-1
1996
-1
-1
-1
-1
-1
1994
1993
-1
-1
-1
1996
-1
-1
-1
1977
-1
-1
-1
1994
-1
-1
1991
-1
-1
-1
-1
-1
1997
-1
-1
-1
-1
2204
1996
-1
1997
-1
-1
-1
-1
-1
-1
-1
1997
1997
1980
-1
-1
-1
-1
-1
-1
-1
-1
-1
-1
-1
1966
-1
-1
-1
-1
-1
-1
-1
-1
-1
-1
-1
1963
-1
2204
1989
-1
-1
-1
-1
-1
-1
-1
-1
-1
-1
-1
-1
-1
-1
-1
-1
-1
-1
-1
-1
-1
-1
-1
-1
1968
-1
-1
-1
1997
-1
-1
-1
-1
-1
-1
-1
-1
-1
-1
-1
-1
-1
1997
2204
1966
-1
-1
-1
-1
1989
2203
-1
-1
-1
-1
-1
-1
-1
-1
-1
-1
1865
1968
-1
-1
-1
1962
-1
-1
-1
2203
1963
-1
1996
2203
-1
-1
1969
1989
1989
-1
1983
1983
1980
-1
2208
1973
-1
-1
1980
-1
-1
-1
2204
1962
-1
-1
-1
-1
-1
1962
-1
1977
2204
-1
1979
-1
-1
-1
-1
1973
-1
2016
-1
1968
1979
1980
-1
-1
-1
-1
-1
-1
-1
-1
-1
-1
2204
1980
-1
-1
-1
-1
-1
1989
-1
-1
-1
-1
-1
-1
-1
1976
-1
-1
-1
2204
2204
1993
-1
2208
-1
-1
-1
-1
1990
2204
-1
1962
1970
-1
-1
2204
1968
-1
-1
-1
-1
-1
-1
-1
1979
1967
-1
-1
-1
-1
-1
-1
-1
1989
-1
-1
-1
-1
-1
-1
-1
-1
-1
-1
-1
-1
-1
-1
-1
-1
-1
-1
2203
2213
-1
2204
-1
-1
2208
1976
-1
2208
-1
-1
-1
-1
1548
1996
1989
-1
1970
-1
-1
-1
-1
-1
-1
-1
-1
-1
1994
1967
-1
1968
1989
1992
-1
-1
-1
1981
-1
-1
1983
-1
-1
-1
-1
-1
-1
1964
1998
-1
2204
2208
-1
-1
-1
-1
-1
-1
1994
-1
-1
-1
-1
-1
-1
-1
1989
1989
2208
-1
-1
-1
-1
-1
-1
-1
-1
1997
-1
-1
-1
-1
-1
-1
-1
-1
-1
-1
-1
-1
-1
-1
-1
-1
-1
2204
-1
-1
-1
-1
-1
-1
-1
-1
-1
-1
-1
-1
-1
-1
-1
-1
-1
-1
-1
-1
-1
-1
-1
-1
-1
-1
-1
-1
1980
-1
-1
1973
-1
-1
-1
-1
-1
-1
-1
-1
1967
-1
1988
1980
1544
-1
-1
-1
-1
-1
-1
-1
-1
-1
-1
-1
-1
-1
2208
-1
1533
-1
-1
-1
1974
1967
-1
-1
-1
-1
-1
1976
-1
1967
-1
-1
-1
2016
-1
-1
-1
-1
-1
1548
-1
-1
-1
1979
1983
-1
-1
-1
-1
1533
-1
-1
-1
-1
1995
2205
-1
-1
-1
1548
-1
-1
-1
-1
-1
-1
1976
-1
-1
1984
-1
1980
-1
-1
-1
-1
2205
1971
2205
1969
-1
-1
1969
2208
-1
1968
-1
1978
2205
-1
-1
-1
-1
-1
-1
1964
1533
-1
-1
-1
-1
2205
1984
-1
-1
-1
1962
1998
-1
-1
1533
-1
-1
-1
-1
-1
-1
-1
-1
-1
-1
-1
-1
1865
-1
1972
2205
-1
2207
-1
-1
-1
2016
-1
-1
-1
1978
1979
2198
1968
1963
1966
2204
1983
2016
1980
-1
-1
2205
-1
-1
-1
-1
-1
-1
-1
2209
-1
-1
-1
2199
2205
1977
2198
-1
-1
-1
-1
-1
-1
-1
-1
-1
-1
-1
-1
-1
-1
-1
-1
-1
-1
-1
-1
-1
-1
-1
-1
-1
-1
-1
-1
-1
-1
-1
-1
-1
-1
-1
-1
-1
-1
-1
-1
1983
1974
-1
2205
-1
-1
-1
2208
1861
-1
-1
2204
2209
1977
1530
-1
2205
-1
-1
-1
-1
1977
-1
-1
-1
1967
1861
-1
-1
-1
-1
1966
1972
-1
-1
-1
-1
-1
1966
1964
-1
-1
1963
-1
1979
1861
1967
1862
1861
-1
-1
-1
2203
1861
1875
-1
-1
-1
-1
-1
-1
-1
-1
-1
-1
-1
2203
2198
-1
-1
-1
-1
-1
-1
2204
-1
-1
-1
-1
-1
-1
-1
-1
-1
2204
-1
-1
-1
-1
-1
-1
-1
-1
-1
-1
-1
2198
-1
-1
1968
2203
-1
-1
-1
-1
-1
1972
-1
2197
-1
-1
1973
-1
-1
-1
-1
-1
-1
-1
-1
-1
-1
-1
-1
-1
-1
-1
-1
-1
-1
-1
-1
-1
-1
-1
-1
-1
-1
-1
-1
-1
-1
-1
-1
-1
-1
-1
1861
2198
-1
1861
-1
-1
1964
-1
-1
-1
-1
-1
2197
-1
-1
-1
-1
-1
-1
-1
-1
2198
1861
-1
1876
-1
-1
-1
-1
-1
-1
2198
-1
1862
-1
-1
-1
-1
-1
-1
-1
-1
-1
1974
-1
-1
-1
-1
-1
-1
-1
-1
-1
-1
-1
-1
-1
-1
-1
-1
-1
-1
-1
-1
-1
-1
-1
-1
-1
-1
-1
-1
-1
-1
-1
-1
-1
-1
-1
-1
-1
-1
-1
-1
-1
-1
-1
-1
-1
-1
-1
-1
-1
-1
-1
-1
-1
-1
-1
-1
-1
-1
-1
-1
-1
-1
-1
-1
-1
-1
-1
-1
-1
-1
-1
-1
-1
-1
-1
-1
-1
-1
-1
-1
-1
-1
-1
-1
-1
-1
-1
-1
-1
-1
-1
-1
-1
-1
-1
-1
-1
-1
-1
-1
-1
-1
-1
-1
-1
-1
-1
-1
-1
-1
-1
-1
-1
-1
-1
-1
-1
-1
-1
-1
-1
-1
-1
-1
-1
-1
-1
-1
-1
-1
-1
-1
-1
-1
-1
-1
-1
-1
-1
-1
-1
-1
-1
-1
-1
-1
-1
-1
-1
-1
-1
-1
-1
-1
-1
-1
-1
-1
-1
-1
-1
-1
-1
-1
-1
-1
-1
-1
-1
-1
-1
-1
-1
-1
-1
-1
-1
-1
-1
-1
-1
-1
-1
-1
-1
-1
-1
-1
-1
-1
-1
-1
-1
-1
-1
-1
-1
-1
-1
-1
-1
-1
-1
-1
-1
-1
-1
-1
-1
-1
-1
-1
-1
-1
-1
-1
-1
-1
-1
-1
-1
-1
-1
-1
-1
-1
-1
-1
-1
-1
-1
-1
-1
-1
-1
-1
-1
-1
-1
-1
-1
-1
-1
-1
-1
-1
-1
-1
-1
-1
-1
-1
-1
-1
-1
-1
-1
-1
-1
-1
-1
-1
1975
-1
-1
-1
-1
-1
-1
-1
-1
-1
-1
-1
-1
-1
-1
2198
2197
1875
-1
-1
-1
-1
-1
-1
-1
-1
-1
-1
-1
-1
2197
-1
-1
-1
-1
-1
-1
-1
-1
-1
-1
-1
-1
-1
2197
-1
-1
-1
1861
-1
-1
-1
-1
-1
-1
-1
-1
-1
-1
-1
2197
-1
2198
-1
1861
-1
1530
-1
1965
-1
-1
-1
1861
-1
-1
-1
2204
-1
2204
2198
-1
2198
1970
-1
-1
-1
1968
1962
-1
1861
-1
-1
-1
-1
-1
2240
-1
-1
2198
-1
-1
-1
2199
1862
1965
-1
-1
1983
1861
-1
1965
-1
-1
1979
1962
-1
-1
-1
-1
-1
-1
-1
-1
-1
-1
-1
1976
2197
-1
-1
-1
2198
-1
-1
-1
2203
2198
-1
1984
-1
-1
-1
1978
-1
-1
-1
-1
-1
-1
-1
2198
-1
2205
1972
1970
-1
-1
2205
2204
1981
-1
-1
1998
1963
-1
1966
-1
-1
2205
-1
-1
-1
1976
-1
1976
-1
1969
-1
-1
1973
-1
1975
2205
-1
1975
-1
-1
-1
-1
-1
-1
-1
-1
-1
-1
1861
-1
-1
-1
-1
1968
1981
-1
1972
-1
-1
-1
-1
1980
-1
2205
-1
1965
-1
1965
-1
-1
-1
-1
1859
-1
-1
-1
-1
-1
-1
-1
-1
-1
-1
-1
-1
-1
-1
-1
1858
1981
1531
1859
-1
1861
-1
-1
-1
-1
-1
-1
-1
-1
-1
-1
-1
-1
-1
2205
-1
-1
-1
-1
-1
-1
-1
-1
-1
-1
-1
-1
2205
1862
-1
-1
-1
-1
-1
-1
-1
-1
-1
-1
-1
-1
-1
-1
-1
-1
-1
-1
-1
-1
-1
-1
-1
-1
-1
-1
-1
-1
-1
-1
1863
-1
-1
1979
1863
-1
-1
-1
1984
-1
1861
-1
-1
-1
